app/build/intermediates/manifest_merge_blame_file/debug/manifest-merger-blame-debug-report.txt
1<?xml version="1.0" encoding="utf-8"?>
2<!--
3   Copyright 2012 Google Inc. All rights reserved.
4
5   Licensed under the Apache License, Version 2.0 (the "License");
6   you may not use this file except in compliance with the License.
7   You may obtain a copy of the License at
8
9      http://www.apache.org/licenses/LICENSE-2.0
10
11   Unless required by applicable law or agreed to in writing, software
12   distributed under the License is distributed on an "AS IS" BASIS,
13   WITHOUT WARRANTIES OR CONDITIONS OF ANY KIND, either express or implied.
14   See the License for the specific language governing permissions and
15   limitations under the License.
16-->
17<manifest xmlns:android="http://schemas.android.com/apk/res/android"
18    package="dev.giolaq.trivialdrivesample"
19    android:versionCode="8"
20    android:versionName="1.5" >
21
22    <uses-sdk
23        android:minSdkVersion="21"
23-->src/main/AndroidManifest.xml
24        android:targetSdkVersion="33" />
24-->src/main/AndroidManifest.xml
25
26    <uses-permission android:name="com.android.vending.BILLING" />
26-->[com.android.billingclient:billing-ktx:4.0.0] AndroidManifest.xml:9:5-67
26-->[com.android.billingclient:billing-ktx:4.0.0] AndroidManifest.xml:9:22-64
27
28    <application
28-->src/main/AndroidManifest.xml:19:5-54:19
29        android:name="com.sample.android.trivialdrivesample.TrivialDriveApplication"
29-->src/main/AndroidManifest.xml:20:9-85
30        android:allowBackup="true"
30-->src/main/AndroidManifest.xml:21:9-35
31        android:appComponentFactory="androidx.core.app.CoreComponentFactory"
31-->[androidx.core:core:1.3.2] AndroidManifest.xml:24:18-86
32        android:debuggable="true"
33        android:icon="@drawable/ic_launcher"
33-->src/main/AndroidManifest.xml:23:9-45
34        android:label="@string/app_name"
34-->src/main/AndroidManifest.xml:22:9-41
35        android:supportsRtl="true"
35-->src/main/AndroidManifest.xml:25:9-35
36        android:theme="@style/AppTheme" >
36-->src/main/AndroidManifest.xml:24:9-40
37        <activity
37-->src/main/AndroidManifest.xml:26:9-34:20
38            android:name="com.sample.android.trivialdrivesample.ui.MainActivity"
38-->src/main/AndroidManifest.xml:27:13-81
39            android:exported="true"
39-->src/main/AndroidManifest.xml:29:13-36
40            android:label="@string/title_game_fragment" >
40-->src/main/AndroidManifest.xml:28:13-56
41            <intent-filter>
41-->src/main/AndroidManifest.xml:30:13-33:29
42                <action android:name="android.intent.action.MAIN" />
42-->src/main/AndroidManifest.xml:31:17-69
42-->src/main/AndroidManifest.xml:31:25-66
43
44                <category android:name="android.intent.category.LAUNCHER" />
44-->src/main/AndroidManifest.xml:32:17-77
44-->src/main/AndroidManifest.xml:32:27-74
45            </intent-filter>
46        </activity>
47
48        <receiver
48-->src/main/AndroidManifest.xml:35:9-42:20
49            android:name="com.amazon.device.iap.ResponseReceiver"
49-->src/main/AndroidManifest.xml:36:13-66
50            android:exported="true"
50-->src/main/AndroidManifest.xml:37:13-36
51            android:permission="com.amazon.inapp.purchasing.Permission.NOTIFY" >
51-->src/main/AndroidManifest.xml:38:13-79
52            <intent-filter>
52-->src/main/AndroidManifest.xml:39:13-41:29
53                <action android:name="com.amazon.inapp.purchasing.NOTIFY" />
53-->src/main/AndroidManifest.xml:40:17-77
53-->src/main/AndroidManifest.xml:40:25-74
54            </intent-filter>
55        </receiver>
56        <receiver
56-->src/main/AndroidManifest.xml:44:9-49:20
57            android:name="com.amazon.device.iap.billingclient.api.BillingResponseReceiver"
57-->src/main/AndroidManifest.xml:44:19-97
58            android:exported="true"
58-->src/main/AndroidManifest.xml:44:98-121
59            android:permission="com.amazon.inapp.purchasing.Permission.NOTIFY" >
59-->src/main/AndroidManifest.xml:45:13-79
60            <intent-filter>
60-->src/main/AndroidManifest.xml:39:13-41:29
61                <action android:name="com.amazon.inapp.purchasing.NOTIFY" />
61-->src/main/AndroidManifest.xml:40:17-77
61-->src/main/AndroidManifest.xml:40:25-74
62            </intent-filter>
63        </receiver>
64
65        <meta-data
65-->src/main/AndroidManifest.xml:51:9-53:57
66            android:name="preloaded_fonts"
66-->src/main/AndroidManifest.xml:52:13-43
67            android:resource="@array/preloaded_fonts" />
67-->src/main/AndroidManifest.xml:53:13-54
68
69        <service
69-->[androidx.room:room-runtime:2.4.3] AndroidManifest.xml:25:9-28:40
70            android:name="androidx.room.MultiInstanceInvalidationService"
70-->[androidx.room:room-runtime:2.4.3] AndroidManifest.xml:26:13-74
71            android:directBootAware="true"
71-->[androidx.room:room-runtime:2.4.3] AndroidManifest.xml:27:13-43
72            android:exported="false" />
72-->[androidx.room:room-runtime:2.4.3] AndroidManifest.xml:28:13-37
73
74        <provider
74-->[androidx.lifecycle:lifecycle-process:2.4.0] AndroidManifest.xml:26:9-34:20
75            android:name="androidx.startup.InitializationProvider"
75-->[androidx.lifecycle:lifecycle-process:2.4.0] AndroidManifest.xml:27:13-67
76            android:authorities="dev.giolaq.trivialdrivesample.androidx-startup"
76-->[androidx.lifecycle:lifecycle-process:2.4.0] AndroidManifest.xml:28:13-68
77            android:exported="false" >
77-->[androidx.lifecycle:lifecycle-process:2.4.0] AndroidManifest.xml:29:13-37
78            <meta-data
78-->[androidx.lifecycle:lifecycle-process:2.4.0] AndroidManifest.xml:31:13-33:52
79                android:name="androidx.lifecycle.ProcessLifecycleInitializer"
79-->[androidx.lifecycle:lifecycle-process:2.4.0] AndroidManifest.xml:32:17-78
80                android:value="androidx.startup" />
80-->[androidx.lifecycle:lifecycle-process:2.4.0] AndroidManifest.xml:33:17-49
81        </provider>
82
83        <meta-data
83-->[com.android.billingclient:billing:4.0.0] AndroidManifest.xml:13:9-15:37
84            android:name="com.google.android.play.billingclient.version"
84-->[com.android.billingclient:billing:4.0.0] AndroidManifest.xml:14:13-73
85            android:value="4.0.0" />
85-->[com.android.billingclient:billing:4.0.0] AndroidManifest.xml:15:13-34
86
87        <activity
87-->[com.android.billingclient:billing:4.0.0] AndroidManifest.xml:17:9-21:75
88            android:name="com.android.billingclient.api.ProxyBillingActivity"
88-->[com.android.billingclient:billing:4.0.0] AndroidManifest.xml:18:13-78
89            android:configChanges="keyboard|keyboardHidden|screenLayout|screenSize|orientation"
89-->[com.android.billingclient:billing:4.0.0] AndroidManifest.xml:19:13-96
90            android:exported="false"
90-->[com.android.billingclient:billing:4.0.0] AndroidManifest.xml:20:13-37
91            android:theme="@android:style/Theme.Translucent.NoTitleBar" />
91-->[com.android.billingclient:billing:4.0.0] AndroidManifest.xml:21:13-72
92    </application>
93
94</manifest>